This file contains any messages produced by compilers while
running configure, to aid debugging if configure makes a mistake.

It was created by Verilator configure 4.211 devel, which was
generated by GNU Autoconf 2.69.  Invocation command line was

  $ ./configure 

## --------- ##
## Platform. ##
## --------- ##

hostname = zhwrenpc
uname -m = x86_64
uname -r = 5.8.0-63-generic
uname -s = Linux
uname -v = #71~20.04.1-Ubuntu SMP Thu Jul 15 17:46:08 UTC 2021

/usr/bin/uname -p = x86_64
/bin/uname -X     = unknown

/bin/arch              = x86_64
/usr/bin/arch -k       = unknown
/usr/convex/getsysinfo = unknown
/usr/bin/hostinfo      = unknown
/bin/machine           = unknown
/usr/bin/oslevel       = unknown
/bin/universe          = unknown

PATH: /usr/local/sbin
PATH: /usr/local/bin
PATH: /usr/sbin
PATH: /usr/bin
PATH: /sbin
PATH: /bin
PATH: /usr/games
PATH: /usr/local/games
PATH: /snap/bin


## ----------- ##
## Core tests. ##
## ----------- ##

configure:2170: result: configuring for Verilator 4.211 devel
configure:2198: checking whether to perform partial static linking of Verilator binary
configure:2211: result: yes
configure:2215: checking whether to use tcmalloc
configure:2228: result: check
configure:2232: checking whether to use -m32
configure:2245: result: no
configure:2249: checking whether to build for coverage collection
configure:2262: result: no
configure:2266: checking whether to use hardcoded paths
configure:2280: result: yes
configure:2284: checking whether to show and stop on compilation warnings
configure:2302: result: no
configure:2306: checking whether to run long tests
configure:2324: result: no
configure:2382: checking for gcc
configure:2398: found /usr/bin/gcc
configure:2409: result: gcc
configure:2638: checking for C compiler version
configure:2647: gcc --version >&5
gcc (Ubuntu 9.3.0-17ubuntu1~20.04) 9.3.0
Copyright (C) 2019 Free Software Foundation, Inc.
This is free software; see the source for copying conditions.  There is NO
warranty; not even for MERCHANTABILITY or FITNESS FOR A PARTICULAR PURPOSE.

configure:2658: $? = 0
configure:2647: gcc -v >&5
Using built-in specs.
COLLECT_GCC=gcc
COLLECT_LTO_WRAPPER=/usr/lib/gcc/x86_64-linux-gnu/9/lto-wrapper
OFFLOAD_TARGET_NAMES=nvptx-none:hsa
OFFLOAD_TARGET_DEFAULT=1
Target: x86_64-linux-gnu
Configured with: ../src/configure -v --with-pkgversion='Ubuntu 9.3.0-17ubuntu1~20.04' --with-bugurl=file:///usr/share/doc/gcc-9/README.Bugs --enable-languages=c,ada,c++,go,brig,d,fortran,objc,obj-c++,gm2 --prefix=/usr --with-gcc-major-version-only --program-suffix=-9 --program-prefix=x86_64-linux-gnu- --enable-shared --enable-linker-build-id --libexecdir=/usr/lib --without-included-gettext --enable-threads=posix --libdir=/usr/lib --enable-nls --enable-clocale=gnu --enable-libstdcxx-debug --enable-libstdcxx-time=yes --with-default-libstdcxx-abi=new --enable-gnu-unique-object --disable-vtable-verify --enable-plugin --enable-default-pie --with-system-zlib --with-target-system-zlib=auto --enable-objc-gc=auto --enable-multiarch --disable-werror --with-arch-32=i686 --with-abi=m64 --with-multilib-list=m32,m64,mx32 --enable-multilib --with-tune=generic --enable-offload-targets=nvptx-none=/build/gcc-9-HskZEa/gcc-9-9.3.0/debian/tmp-nvptx/usr,hsa --without-cuda-driver --enable-checking=release --build=x86_64-linux-gnu --host=x86_64-linux-gnu --target=x86_64-linux-gnu
Thread model: posix
gcc version 9.3.0 (Ubuntu 9.3.0-17ubuntu1~20.04) 
configure:2658: $? = 0
configure:2647: gcc -V >&5
gcc: error: unrecognized command line option '-V'
gcc: fatal error: no input files
compilation terminated.
configure:2658: $? = 1
configure:2647: gcc -qversion >&5
gcc: error: unrecognized command line option '-qversion'; did you mean '--version'?
gcc: fatal error: no input files
compilation terminated.
configure:2658: $? = 1
configure:2678: checking whether the C compiler works
configure:2700: gcc       conftest.c  >&5
configure:2704: $? = 0
configure:2752: result: yes
configure:2755: checking for C compiler default output file name
configure:2757: result: a.out
configure:2763: checking for suffix of executables
configure:2770: gcc -o conftest       conftest.c  >&5
configure:2774: $? = 0
configure:2796: result: 
configure:2818: checking whether we are cross compiling
configure:2826: gcc -o conftest       conftest.c  >&5
configure:2830: $? = 0
configure:2837: ./conftest
configure:2841: $? = 0
configure:2829: result: no
configure:2834: checking for suffix of object files
configure:2856: gcc -c     conftest.c >&5
configure:2860: $? = 0
configure:2881: result: o
configure:2885: checking whether we are using the GNU C compiler
configure:2904: gcc -c     conftest.c >&5
configure:2904: $? = 0
configure:2913: result: yes
configure:2922: checking whether gcc accepts -g
configure:2942: gcc -c -g   conftest.c >&5
configure:2942: $? = 0
configure:2983: result: yes
configure:3000: checking for gcc option to accept ISO C89
configure:3063: gcc  -c     conftest.c >&5
configure:3063: $? = 0
configure:3076: result: none needed
configure:3154: checking for g++
configure:3170: found /usr/bin/g++
configure:3181: result: g++
configure:3208: checking for C++ compiler version
configure:3217: g++ --version >&5
g++ (Ubuntu 9.3.0-17ubuntu1~20.04) 9.3.0
Copyright (C) 2019 Free Software Foundation, Inc.
This is free software; see the source for copying conditions.  There is NO
warranty; not even for MERCHANTABILITY or FITNESS FOR A PARTICULAR PURPOSE.

configure:3228: $? = 0
configure:3217: g++ -v >&5
Using built-in specs.
COLLECT_GCC=g++
COLLECT_LTO_WRAPPER=/usr/lib/gcc/x86_64-linux-gnu/9/lto-wrapper
OFFLOAD_TARGET_NAMES=nvptx-none:hsa
OFFLOAD_TARGET_DEFAULT=1
Target: x86_64-linux-gnu
Configured with: ../src/configure -v --with-pkgversion='Ubuntu 9.3.0-17ubuntu1~20.04' --with-bugurl=file:///usr/share/doc/gcc-9/README.Bugs --enable-languages=c,ada,c++,go,brig,d,fortran,objc,obj-c++,gm2 --prefix=/usr --with-gcc-major-version-only --program-suffix=-9 --program-prefix=x86_64-linux-gnu- --enable-shared --enable-linker-build-id --libexecdir=/usr/lib --without-included-gettext --enable-threads=posix --libdir=/usr/lib --enable-nls --enable-clocale=gnu --enable-libstdcxx-debug --enable-libstdcxx-time=yes --with-default-libstdcxx-abi=new --enable-gnu-unique-object --disable-vtable-verify --enable-plugin --enable-default-pie --with-system-zlib --with-target-system-zlib=auto --enable-objc-gc=auto --enable-multiarch --disable-werror --with-arch-32=i686 --with-abi=m64 --with-multilib-list=m32,m64,mx32 --enable-multilib --with-tune=generic --enable-offload-targets=nvptx-none=/build/gcc-9-HskZEa/gcc-9-9.3.0/debian/tmp-nvptx/usr,hsa --without-cuda-driver --enable-checking=release --build=x86_64-linux-gnu --host=x86_64-linux-gnu --target=x86_64-linux-gnu
Thread model: posix
gcc version 9.3.0 (Ubuntu 9.3.0-17ubuntu1~20.04) 
configure:3228: $? = 0
configure:3217: g++ -V >&5
g++: error: unrecognized command line option '-V'
g++: fatal error: no input files
compilation terminated.
configure:3228: $? = 1
configure:3217: g++ -qversion >&5
g++: error: unrecognized command line option '-qversion'; did you mean '--version'?
g++: fatal error: no input files
compilation terminated.
configure:3228: $? = 1
configure:3232: checking whether we are using the GNU C++ compiler
configure:3251: g++ -c     conftest.cpp >&5
configure:3251: $? = 0
configure:3260: result: yes
configure:3269: checking whether g++ accepts -g
configure:3289: g++ -c -g   conftest.cpp >&5
configure:3289: $? = 0
configure:3330: result: yes
configure:3396: checking for a BSD-compatible install
configure:3464: result: /usr/bin/install -c
configure:3483: result: compiler is g++ --version = g++ (Ubuntu 9.3.0-17ubuntu1~20.04) 9.3.0
configure:3485: checking that C++ compiler can compile simple program
configure:3496: g++ -o conftest       conftest.cpp  >&5
configure:3496: $? = 0
configure:3496: ./conftest
configure:3496: $? = 0
configure:3497: result: yes
configure:3510: checking for ar
configure:3526: found /usr/bin/ar
configure:3537: result: ar
configure:3551: checking for perl
configure:3569: found /usr/bin/perl
configure:3581: result: /usr/bin/perl
configure:3595: checking for python3
configure:3613: found /usr/bin/python3
configure:3625: result: /usr/bin/python3
configure:3639: checking for flex
configure:3657: found /usr/bin/flex
configure:3669: result: /usr/bin/flex
configure:3681: result: /usr/bin/flex --version = flex 2.6.4
configure:3686: checking for bison
configure:3704: found /usr/bin/bison
configure:3716: result: /usr/bin/bison
configure:3728: result: /usr/bin/bison --version = bison (GNU Bison) 3.5.1
configure:3733: checking for ccache
configure:3763: result: no
configure:3782: checking how to run the C++ preprocessor
configure:3809: g++ -E   conftest.cpp
configure:3809: $? = 0
configure:3823: g++ -E   conftest.cpp
conftest.cpp:10:10: fatal error: ac_nonexistent.h: No such file or directory
   10 | #include <ac_nonexistent.h>
      |          ^~~~~~~~~~~~~~~~~~
compilation terminated.
configure:3823: $? = 1
configure: failed program was:
| /* confdefs.h */
| #define PACKAGE_NAME "Verilator"
| #define PACKAGE_TARNAME "verilator"
| #define PACKAGE_VERSION "4.211 devel"
| #define PACKAGE_STRING "Verilator 4.211 devel"
| #define PACKAGE_BUGREPORT "https://verilator.org"
| #define PACKAGE_URL "https://verilator.org"
| #define PACKAGE_VERSION_NUMBER_STRING "4.211"
| /* end confdefs.h.  */
| #include <ac_nonexistent.h>
configure:3848: result: g++ -E
configure:3868: g++ -E   conftest.cpp
configure:3868: $? = 0
configure:3882: g++ -E   conftest.cpp
conftest.cpp:10:10: fatal error: ac_nonexistent.h: No such file or directory
   10 | #include <ac_nonexistent.h>
      |          ^~~~~~~~~~~~~~~~~~
compilation terminated.
configure:3882: $? = 1
configure: failed program was:
| /* confdefs.h */
| #define PACKAGE_NAME "Verilator"
| #define PACKAGE_TARNAME "verilator"
| #define PACKAGE_VERSION "4.211 devel"
| #define PACKAGE_STRING "Verilator 4.211 devel"
| #define PACKAGE_BUGREPORT "https://verilator.org"
| #define PACKAGE_URL "https://verilator.org"
| #define PACKAGE_VERSION_NUMBER_STRING "4.211"
| /* end confdefs.h.  */
| #include <ac_nonexistent.h>
configure:3911: checking for grep that handles long lines and -e
configure:3969: result: /usr/bin/grep
configure:3974: checking for egrep
configure:4036: result: /usr/bin/grep -E
configure:4041: checking for ANSI C header files
configure:4061: g++ -c     conftest.cpp >&5
configure:4061: $? = 0
configure:4134: g++ -o conftest       conftest.cpp  >&5
configure:4134: $? = 0
configure:4134: ./conftest
configure:4134: $? = 0
configure:4145: result: yes
configure:4158: checking for sys/types.h
configure:4158: g++ -c     conftest.cpp >&5
configure:4158: $? = 0
configure:4158: result: yes
configure:4158: checking for sys/stat.h
configure:4158: g++ -c     conftest.cpp >&5
configure:4158: $? = 0
configure:4158: result: yes
configure:4158: checking for stdlib.h
configure:4158: g++ -c     conftest.cpp >&5
configure:4158: $? = 0
configure:4158: result: yes
configure:4158: checking for string.h
configure:4158: g++ -c     conftest.cpp >&5
configure:4158: $? = 0
configure:4158: result: yes
configure:4158: checking for memory.h
configure:4158: g++ -c     conftest.cpp >&5
configure:4158: $? = 0
configure:4158: result: yes
configure:4158: checking for strings.h
configure:4158: g++ -c     conftest.cpp >&5
configure:4158: $? = 0
configure:4158: result: yes
configure:4158: checking for inttypes.h
configure:4158: g++ -c     conftest.cpp >&5
configure:4158: $? = 0
configure:4158: result: yes
configure:4158: checking for stdint.h
configure:4158: g++ -c     conftest.cpp >&5
configure:4158: $? = 0
configure:4158: result: yes
configure:4158: checking for unistd.h
configure:4158: g++ -c     conftest.cpp >&5
configure:4158: $? = 0
configure:4158: result: yes
configure:4170: checking for size_t
configure:4170: g++ -c     conftest.cpp >&5
configure:4170: $? = 0
configure:4170: g++ -c     conftest.cpp >&5
conftest.cpp: In function 'int main()':
conftest.cpp:56:20: error: expected primary-expression before ')' token
   56 | if (sizeof ((size_t)))
      |                    ^
configure:4170: $? = 1
configure: failed program was:
| /* confdefs.h */
| #define PACKAGE_NAME "Verilator"
| #define PACKAGE_TARNAME "verilator"
| #define PACKAGE_VERSION "4.211 devel"
| #define PACKAGE_STRING "Verilator 4.211 devel"
| #define PACKAGE_BUGREPORT "https://verilator.org"
| #define PACKAGE_URL "https://verilator.org"
| #define PACKAGE_VERSION_NUMBER_STRING "4.211"
| #define STDC_HEADERS 1
| #define HAVE_SYS_TYPES_H 1
| #define HAVE_SYS_STAT_H 1
| #define HAVE_STDLIB_H 1
| #define HAVE_STRING_H 1
| #define HAVE_MEMORY_H 1
| #define HAVE_STRINGS_H 1
| #define HAVE_INTTYPES_H 1
| #define HAVE_STDINT_H 1
| #define HAVE_UNISTD_H 1
| /* end confdefs.h.  */
| #include <stdio.h>
| #ifdef HAVE_SYS_TYPES_H
| # include <sys/types.h>
| #endif
| #ifdef HAVE_SYS_STAT_H
| # include <sys/stat.h>
| #endif
| #ifdef STDC_HEADERS
| # include <stdlib.h>
| # include <stddef.h>
| #else
| # ifdef HAVE_STDLIB_H
| #  include <stdlib.h>
| # endif
| #endif
| #ifdef HAVE_STRING_H
| # if !defined STDC_HEADERS && defined HAVE_MEMORY_H
| #  include <memory.h>
| # endif
| # include <string.h>
| #endif
| #ifdef HAVE_STRINGS_H
| # include <strings.h>
| #endif
| #ifdef HAVE_INTTYPES_H
| # include <inttypes.h>
| #endif
| #ifdef HAVE_STDINT_H
| # include <stdint.h>
| #endif
| #ifdef HAVE_UNISTD_H
| # include <unistd.h>
| #endif
| int
| main ()
| {
| if (sizeof ((size_t)))
| 	    return 0;
|   ;
|   return 0;
| }
configure:4170: result: yes
configure:4181: checking for size_t
configure:4181: result: yes
configure:4194: checking for inline
configure:4210: g++ -c     conftest.cpp >&5
configure:4210: $? = 0
configure:4218: result: inline
configure:4248: g++ -o conftest       conftest.cpp  >&5
configure:4248: $? = 0
configure:4678: checking whether g++ accepts -pg
configure:4691: g++ -o conftest   -pg -Werror     conftest.cpp  >&5
configure:4691: $? = 0
configure:4718: g++ -c   -pg -Werror   conftest.cpp >&5
conftest.cpp:20:1: error: 'an_error' does not name a type
   20 | an_error "intentional-error-for-test.h"
      | ^~~~~~~~
configure:4718: $? = 1
configure: failed program was:
| /* confdefs.h */
| #define PACKAGE_NAME "Verilator"
| #define PACKAGE_TARNAME "verilator"
| #define PACKAGE_VERSION "4.211 devel"
| #define PACKAGE_STRING "Verilator 4.211 devel"
| #define PACKAGE_BUGREPORT "https://verilator.org"
| #define PACKAGE_URL "https://verilator.org"
| #define PACKAGE_VERSION_NUMBER_STRING "4.211"
| #define STDC_HEADERS 1
| #define HAVE_SYS_TYPES_H 1
| #define HAVE_SYS_STAT_H 1
| #define HAVE_STDLIB_H 1
| #define HAVE_STRING_H 1
| #define HAVE_MEMORY_H 1
| #define HAVE_STRINGS_H 1
| #define HAVE_INTTYPES_H 1
| #define HAVE_STDINT_H 1
| #define HAVE_UNISTD_H 1
| /* end confdefs.h.  */
| an_error "intentional-error-for-test.h"
| 
| int
| main ()
| {
| 
|   ;
|   return 0;
| }
configure:4729: result: yes
configure:4764: checking whether g++ accepts -std=c++14
configure:4777: g++ -o conftest   -std=c++14 -Werror     conftest.cpp  >&5
configure:4777: $? = 0
configure:4804: g++ -c   -std=c++14 -Werror   conftest.cpp >&5
conftest.cpp:20:1: error: 'an_error' does not name a type
   20 | an_error "intentional-error-for-test.h"
      | ^~~~~~~~
configure:4804: $? = 1
configure: failed program was:
| /* confdefs.h */
| #define PACKAGE_NAME "Verilator"
| #define PACKAGE_TARNAME "verilator"
| #define PACKAGE_VERSION "4.211 devel"
| #define PACKAGE_STRING "Verilator 4.211 devel"
| #define PACKAGE_BUGREPORT "https://verilator.org"
| #define PACKAGE_URL "https://verilator.org"
| #define PACKAGE_VERSION_NUMBER_STRING "4.211"
| #define STDC_HEADERS 1
| #define HAVE_SYS_TYPES_H 1
| #define HAVE_SYS_STAT_H 1
| #define HAVE_STDLIB_H 1
| #define HAVE_STRING_H 1
| #define HAVE_MEMORY_H 1
| #define HAVE_STRINGS_H 1
| #define HAVE_INTTYPES_H 1
| #define HAVE_STDINT_H 1
| #define HAVE_UNISTD_H 1
| /* end confdefs.h.  */
| an_error "intentional-error-for-test.h"
| 
| int
| main ()
| {
| 
|   ;
|   return 0;
| }
configure:4815: result: yes
configure:5001: checking whether g++ accepts -std=c++03
configure:5014: g++ -o conftest   -std=c++03 -Werror     conftest.cpp  >&5
configure:5014: $? = 0
configure:5041: g++ -c   -std=c++03 -Werror   conftest.cpp >&5
conftest.cpp:20:1: error: 'an_error' does not name a type
   20 | an_error "intentional-error-for-test.h"
      | ^~~~~~~~
configure:5041: $? = 1
configure: failed program was:
| /* confdefs.h */
| #define PACKAGE_NAME "Verilator"
| #define PACKAGE_TARNAME "verilator"
| #define PACKAGE_VERSION "4.211 devel"
| #define PACKAGE_STRING "Verilator 4.211 devel"
| #define PACKAGE_BUGREPORT "https://verilator.org"
| #define PACKAGE_URL "https://verilator.org"
| #define PACKAGE_VERSION_NUMBER_STRING "4.211"
| #define STDC_HEADERS 1
| #define HAVE_SYS_TYPES_H 1
| #define HAVE_SYS_STAT_H 1
| #define HAVE_STDLIB_H 1
| #define HAVE_STRING_H 1
| #define HAVE_MEMORY_H 1
| #define HAVE_STRINGS_H 1
| #define HAVE_INTTYPES_H 1
| #define HAVE_STDINT_H 1
| #define HAVE_UNISTD_H 1
| /* end confdefs.h.  */
| an_error "intentional-error-for-test.h"
| 
| int
| main ()
| {
| 
|   ;
|   return 0;
| }
configure:5052: result: yes
configure:5240: checking whether g++ accepts -Wextra
configure:5253: g++ -o conftest   -Wextra -Werror     conftest.cpp  >&5
configure:5253: $? = 0
configure:5280: g++ -c   -Wextra -Werror   conftest.cpp >&5
conftest.cpp:20:1: error: 'an_error' does not name a type
   20 | an_error "intentional-error-for-test.h"
      | ^~~~~~~~
configure:5280: $? = 1
configure: failed program was:
| /* confdefs.h */
| #define PACKAGE_NAME "Verilator"
| #define PACKAGE_TARNAME "verilator"
| #define PACKAGE_VERSION "4.211 devel"
| #define PACKAGE_STRING "Verilator 4.211 devel"
| #define PACKAGE_BUGREPORT "https://verilator.org"
| #define PACKAGE_URL "https://verilator.org"
| #define PACKAGE_VERSION_NUMBER_STRING "4.211"
| #define STDC_HEADERS 1
| #define HAVE_SYS_TYPES_H 1
| #define HAVE_SYS_STAT_H 1
| #define HAVE_STDLIB_H 1
| #define HAVE_STRING_H 1
| #define HAVE_MEMORY_H 1
| #define HAVE_STRINGS_H 1
| #define HAVE_INTTYPES_H 1
| #define HAVE_STDINT_H 1
| #define HAVE_UNISTD_H 1
| /* end confdefs.h.  */
| an_error "intentional-error-for-test.h"
| 
| int
| main ()
| {
| 
|   ;
|   return 0;
| }
configure:5291: result: yes
configure:5316: checking whether g++ accepts -Wfloat-conversion
configure:5329: g++ -o conftest   -Wfloat-conversion -Werror     conftest.cpp  >&5
configure:5329: $? = 0
configure:5356: g++ -c   -Wfloat-conversion -Werror   conftest.cpp >&5
conftest.cpp:20:1: error: 'an_error' does not name a type
   20 | an_error "intentional-error-for-test.h"
      | ^~~~~~~~
configure:5356: $? = 1
configure: failed program was:
| /* confdefs.h */
| #define PACKAGE_NAME "Verilator"
| #define PACKAGE_TARNAME "verilator"
| #define PACKAGE_VERSION "4.211 devel"
| #define PACKAGE_STRING "Verilator 4.211 devel"
| #define PACKAGE_BUGREPORT "https://verilator.org"
| #define PACKAGE_URL "https://verilator.org"
| #define PACKAGE_VERSION_NUMBER_STRING "4.211"
| #define STDC_HEADERS 1
| #define HAVE_SYS_TYPES_H 1
| #define HAVE_SYS_STAT_H 1
| #define HAVE_STDLIB_H 1
| #define HAVE_STRING_H 1
| #define HAVE_MEMORY_H 1
| #define HAVE_STRINGS_H 1
| #define HAVE_INTTYPES_H 1
| #define HAVE_STDINT_H 1
| #define HAVE_UNISTD_H 1
| /* end confdefs.h.  */
| an_error "intentional-error-for-test.h"
| 
| int
| main ()
| {
| 
|   ;
|   return 0;
| }
configure:5367: result: yes
configure:5392: checking whether g++ accepts -Wlogical-op
configure:5405: g++ -o conftest   -Wlogical-op -Werror     conftest.cpp  >&5
configure:5405: $? = 0
configure:5432: g++ -c   -Wlogical-op -Werror   conftest.cpp >&5
conftest.cpp:20:1: error: 'an_error' does not name a type
   20 | an_error "intentional-error-for-test.h"
      | ^~~~~~~~
configure:5432: $? = 1
configure: failed program was:
| /* confdefs.h */
| #define PACKAGE_NAME "Verilator"
| #define PACKAGE_TARNAME "verilator"
| #define PACKAGE_VERSION "4.211 devel"
| #define PACKAGE_STRING "Verilator 4.211 devel"
| #define PACKAGE_BUGREPORT "https://verilator.org"
| #define PACKAGE_URL "https://verilator.org"
| #define PACKAGE_VERSION_NUMBER_STRING "4.211"
| #define STDC_HEADERS 1
| #define HAVE_SYS_TYPES_H 1
| #define HAVE_SYS_STAT_H 1
| #define HAVE_STDLIB_H 1
| #define HAVE_STRING_H 1
| #define HAVE_MEMORY_H 1
| #define HAVE_STRINGS_H 1
| #define HAVE_INTTYPES_H 1
| #define HAVE_STDINT_H 1
| #define HAVE_UNISTD_H 1
| /* end confdefs.h.  */
| an_error "intentional-error-for-test.h"
| 
| int
| main ()
| {
| 
|   ;
|   return 0;
| }
configure:5443: result: yes
configure:5468: checking whether g++ accepts -Wthread-safety
configure:5481: g++ -o conftest   -Wthread-safety -Werror     conftest.cpp  >&5
g++: error: unrecognized command line option '-Wthread-safety'
configure:5481: $? = 1
configure: failed program was:
| /* confdefs.h */
| #define PACKAGE_NAME "Verilator"
| #define PACKAGE_TARNAME "verilator"
| #define PACKAGE_VERSION "4.211 devel"
| #define PACKAGE_STRING "Verilator 4.211 devel"
| #define PACKAGE_BUGREPORT "https://verilator.org"
| #define PACKAGE_URL "https://verilator.org"
| #define PACKAGE_VERSION_NUMBER_STRING "4.211"
| #define STDC_HEADERS 1
| #define HAVE_SYS_TYPES_H 1
| #define HAVE_SYS_STAT_H 1
| #define HAVE_STDLIB_H 1
| #define HAVE_STRING_H 1
| #define HAVE_MEMORY_H 1
| #define HAVE_STRINGS_H 1
| #define HAVE_INTTYPES_H 1
| #define HAVE_STDINT_H 1
| #define HAVE_UNISTD_H 1
| /* end confdefs.h.  */
| #include <new>
| int
| main ()
| {
| int* a=new int; delete a;
|   ;
|   return 0;
| }
configure:5508: g++ -c   -Wthread-safety -Werror   conftest.cpp >&5
g++: error: unrecognized command line option '-Wthread-safety'
configure:5508: $? = 1
configure: failed program was:
| /* confdefs.h */
| #define PACKAGE_NAME "Verilator"
| #define PACKAGE_TARNAME "verilator"
| #define PACKAGE_VERSION "4.211 devel"
| #define PACKAGE_STRING "Verilator 4.211 devel"
| #define PACKAGE_BUGREPORT "https://verilator.org"
| #define PACKAGE_URL "https://verilator.org"
| #define PACKAGE_VERSION_NUMBER_STRING "4.211"
| #define STDC_HEADERS 1
| #define HAVE_SYS_TYPES_H 1
| #define HAVE_SYS_STAT_H 1
| #define HAVE_STDLIB_H 1
| #define HAVE_STRING_H 1
| #define HAVE_MEMORY_H 1
| #define HAVE_STRINGS_H 1
| #define HAVE_INTTYPES_H 1
| #define HAVE_STDINT_H 1
| #define HAVE_UNISTD_H 1
| /* end confdefs.h.  */
| an_error "intentional-error-for-test.h"
| 
| int
| main ()
| {
| 
|   ;
|   return 0;
| }
configure:5519: result: no
configure:5547: checking whether g++ accepts -Qunused-arguments
configure:5560: g++ -o conftest   -Qunused-arguments -Werror     conftest.cpp  >&5
g++: error: unrecognized command line option '-Qunused-arguments'
configure:5560: $? = 1
configure: failed program was:
| /* confdefs.h */
| #define PACKAGE_NAME "Verilator"
| #define PACKAGE_TARNAME "verilator"
| #define PACKAGE_VERSION "4.211 devel"
| #define PACKAGE_STRING "Verilator 4.211 devel"
| #define PACKAGE_BUGREPORT "https://verilator.org"
| #define PACKAGE_URL "https://verilator.org"
| #define PACKAGE_VERSION_NUMBER_STRING "4.211"
| #define STDC_HEADERS 1
| #define HAVE_SYS_TYPES_H 1
| #define HAVE_SYS_STAT_H 1
| #define HAVE_STDLIB_H 1
| #define HAVE_STRING_H 1
| #define HAVE_MEMORY_H 1
| #define HAVE_STRINGS_H 1
| #define HAVE_INTTYPES_H 1
| #define HAVE_STDINT_H 1
| #define HAVE_UNISTD_H 1
| /* end confdefs.h.  */
| #include <new>
| int
| main ()
| {
| int* a=new int; delete a;
|   ;
|   return 0;
| }
configure:5587: g++ -c   -Qunused-arguments -Werror   conftest.cpp >&5
g++: error: unrecognized command line option '-Qunused-arguments'
configure:5587: $? = 1
configure: failed program was:
| /* confdefs.h */
| #define PACKAGE_NAME "Verilator"
| #define PACKAGE_TARNAME "verilator"
| #define PACKAGE_VERSION "4.211 devel"
| #define PACKAGE_STRING "Verilator 4.211 devel"
| #define PACKAGE_BUGREPORT "https://verilator.org"
| #define PACKAGE_URL "https://verilator.org"
| #define PACKAGE_VERSION_NUMBER_STRING "4.211"
| #define STDC_HEADERS 1
| #define HAVE_SYS_TYPES_H 1
| #define HAVE_SYS_STAT_H 1
| #define HAVE_STDLIB_H 1
| #define HAVE_STRING_H 1
| #define HAVE_MEMORY_H 1
| #define HAVE_STRINGS_H 1
| #define HAVE_INTTYPES_H 1
| #define HAVE_STDINT_H 1
| #define HAVE_UNISTD_H 1
| /* end confdefs.h.  */
| an_error "intentional-error-for-test.h"
| 
| int
| main ()
| {
| 
|   ;
|   return 0;
| }
configure:5598: result: no
configure:5623: checking whether g++ accepts -faligned-new
configure:5636: g++ -o conftest   -faligned-new -Werror     conftest.cpp  >&5
configure:5636: $? = 0
configure:5663: g++ -c   -faligned-new -Werror   conftest.cpp >&5
conftest.cpp:20:1: error: 'an_error' does not name a type
   20 | an_error "intentional-error-for-test.h"
      | ^~~~~~~~
configure:5663: $? = 1
configure: failed program was:
| /* confdefs.h */
| #define PACKAGE_NAME "Verilator"
| #define PACKAGE_TARNAME "verilator"
| #define PACKAGE_VERSION "4.211 devel"
| #define PACKAGE_STRING "Verilator 4.211 devel"
| #define PACKAGE_BUGREPORT "https://verilator.org"
| #define PACKAGE_URL "https://verilator.org"
| #define PACKAGE_VERSION_NUMBER_STRING "4.211"
| #define STDC_HEADERS 1
| #define HAVE_SYS_TYPES_H 1
| #define HAVE_SYS_STAT_H 1
| #define HAVE_STDLIB_H 1
| #define HAVE_STRING_H 1
| #define HAVE_MEMORY_H 1
| #define HAVE_STRINGS_H 1
| #define HAVE_INTTYPES_H 1
| #define HAVE_STDINT_H 1
| #define HAVE_UNISTD_H 1
| /* end confdefs.h.  */
| an_error "intentional-error-for-test.h"
| 
| int
| main ()
| {
| 
|   ;
|   return 0;
| }
configure:5674: result: yes
configure:5699: checking whether g++ accepts -Wno-unused-parameter
configure:5712: g++ -o conftest   -Wno-unused-parameter -Werror     conftest.cpp  >&5
configure:5712: $? = 0
configure:5739: g++ -c   -Wno-unused-parameter -Werror   conftest.cpp >&5
conftest.cpp:20:1: error: 'an_error' does not name a type
   20 | an_error "intentional-error-for-test.h"
      | ^~~~~~~~
configure:5739: $? = 1
configure: failed program was:
| /* confdefs.h */
| #define PACKAGE_NAME "Verilator"
| #define PACKAGE_TARNAME "verilator"
| #define PACKAGE_VERSION "4.211 devel"
| #define PACKAGE_STRING "Verilator 4.211 devel"
| #define PACKAGE_BUGREPORT "https://verilator.org"
| #define PACKAGE_URL "https://verilator.org"
| #define PACKAGE_VERSION_NUMBER_STRING "4.211"
| #define STDC_HEADERS 1
| #define HAVE_SYS_TYPES_H 1
| #define HAVE_SYS_STAT_H 1
| #define HAVE_STDLIB_H 1
| #define HAVE_STRING_H 1
| #define HAVE_MEMORY_H 1
| #define HAVE_STRINGS_H 1
| #define HAVE_INTTYPES_H 1
| #define HAVE_STDINT_H 1
| #define HAVE_UNISTD_H 1
| /* end confdefs.h.  */
| an_error "intentional-error-for-test.h"
| 
| int
| main ()
| {
| 
|   ;
|   return 0;
| }
configure:5750: result: yes
configure:5775: checking whether g++ accepts -Wno-shadow
configure:5788: g++ -o conftest   -Wno-shadow -Werror     conftest.cpp  >&5
configure:5788: $? = 0
configure:5815: g++ -c   -Wno-shadow -Werror   conftest.cpp >&5
conftest.cpp:20:1: error: 'an_error' does not name a type
   20 | an_error "intentional-error-for-test.h"
      | ^~~~~~~~
configure:5815: $? = 1
configure: failed program was:
| /* confdefs.h */
| #define PACKAGE_NAME "Verilator"
| #define PACKAGE_TARNAME "verilator"
| #define PACKAGE_VERSION "4.211 devel"
| #define PACKAGE_STRING "Verilator 4.211 devel"
| #define PACKAGE_BUGREPORT "https://verilator.org"
| #define PACKAGE_URL "https://verilator.org"
| #define PACKAGE_VERSION_NUMBER_STRING "4.211"
| #define STDC_HEADERS 1
| #define HAVE_SYS_TYPES_H 1
| #define HAVE_SYS_STAT_H 1
| #define HAVE_STDLIB_H 1
| #define HAVE_STRING_H 1
| #define HAVE_MEMORY_H 1
| #define HAVE_STRINGS_H 1
| #define HAVE_INTTYPES_H 1
| #define HAVE_STDINT_H 1
| #define HAVE_UNISTD_H 1
| /* end confdefs.h.  */
| an_error "intentional-error-for-test.h"
| 
| int
| main ()
| {
| 
|   ;
|   return 0;
| }
configure:5826: result: yes
configure:5854: checking whether g++ accepts -Wno-char-subscripts
configure:5867: g++ -o conftest   -Wno-char-subscripts -Werror     conftest.cpp  >&5
configure:5867: $? = 0
configure:5894: g++ -c   -Wno-char-subscripts -Werror   conftest.cpp >&5
conftest.cpp:20:1: error: 'an_error' does not name a type
   20 | an_error "intentional-error-for-test.h"
      | ^~~~~~~~
configure:5894: $? = 1
configure: failed program was:
| /* confdefs.h */
| #define PACKAGE_NAME "Verilator"
| #define PACKAGE_TARNAME "verilator"
| #define PACKAGE_VERSION "4.211 devel"
| #define PACKAGE_STRING "Verilator 4.211 devel"
| #define PACKAGE_BUGREPORT "https://verilator.org"
| #define PACKAGE_URL "https://verilator.org"
| #define PACKAGE_VERSION_NUMBER_STRING "4.211"
| #define STDC_HEADERS 1
| #define HAVE_SYS_TYPES_H 1
| #define HAVE_SYS_STAT_H 1
| #define HAVE_STDLIB_H 1
| #define HAVE_STRING_H 1
| #define HAVE_MEMORY_H 1
| #define HAVE_STRINGS_H 1
| #define HAVE_INTTYPES_H 1
| #define HAVE_STDINT_H 1
| #define HAVE_UNISTD_H 1
| /* end confdefs.h.  */
| an_error "intentional-error-for-test.h"
| 
| int
| main ()
| {
| 
|   ;
|   return 0;
| }
configure:5905: result: yes
configure:5930: checking whether g++ accepts -Wno-null-conversion
configure:5943: g++ -o conftest   -Wno-null-conversion -Werror     conftest.cpp  >&5
configure:5943: $? = 0
configure:5970: g++ -c   -Wno-null-conversion -Werror   conftest.cpp >&5
conftest.cpp:20:1: error: 'an_error' does not name a type
   20 | an_error "intentional-error-for-test.h"
      | ^~~~~~~~
cc1plus: error: unrecognized command line option '-Wno-null-conversion' [-Werror]
cc1plus: all warnings being treated as errors
configure:5970: $? = 1
configure: failed program was:
| /* confdefs.h */
| #define PACKAGE_NAME "Verilator"
| #define PACKAGE_TARNAME "verilator"
| #define PACKAGE_VERSION "4.211 devel"
| #define PACKAGE_STRING "Verilator 4.211 devel"
| #define PACKAGE_BUGREPORT "https://verilator.org"
| #define PACKAGE_URL "https://verilator.org"
| #define PACKAGE_VERSION_NUMBER_STRING "4.211"
| #define STDC_HEADERS 1
| #define HAVE_SYS_TYPES_H 1
| #define HAVE_SYS_STAT_H 1
| #define HAVE_STDLIB_H 1
| #define HAVE_STRING_H 1
| #define HAVE_MEMORY_H 1
| #define HAVE_STRINGS_H 1
| #define HAVE_INTTYPES_H 1
| #define HAVE_STDINT_H 1
| #define HAVE_UNISTD_H 1
| /* end confdefs.h.  */
| an_error "intentional-error-for-test.h"
| 
| int
| main ()
| {
| 
|   ;
|   return 0;
| }
configure:5981: result: no
configure:6006: checking whether g++ accepts -Wno-parentheses-equality
configure:6019: g++ -o conftest   -Wno-parentheses-equality -Werror     conftest.cpp  >&5
configure:6019: $? = 0
configure:6046: g++ -c   -Wno-parentheses-equality -Werror   conftest.cpp >&5
conftest.cpp:20:1: error: 'an_error' does not name a type
   20 | an_error "intentional-error-for-test.h"
      | ^~~~~~~~
cc1plus: error: unrecognized command line option '-Wno-parentheses-equality' [-Werror]
cc1plus: all warnings being treated as errors
configure:6046: $? = 1
configure: failed program was:
| /* confdefs.h */
| #define PACKAGE_NAME "Verilator"
| #define PACKAGE_TARNAME "verilator"
| #define PACKAGE_VERSION "4.211 devel"
| #define PACKAGE_STRING "Verilator 4.211 devel"
| #define PACKAGE_BUGREPORT "https://verilator.org"
| #define PACKAGE_URL "https://verilator.org"
| #define PACKAGE_VERSION_NUMBER_STRING "4.211"
| #define STDC_HEADERS 1
| #define HAVE_SYS_TYPES_H 1
| #define HAVE_SYS_STAT_H 1
| #define HAVE_STDLIB_H 1
| #define HAVE_STRING_H 1
| #define HAVE_MEMORY_H 1
| #define HAVE_STRINGS_H 1
| #define HAVE_INTTYPES_H 1
| #define HAVE_STDINT_H 1
| #define HAVE_UNISTD_H 1
| /* end confdefs.h.  */
| an_error "intentional-error-for-test.h"
| 
| int
| main ()
| {
| 
|   ;
|   return 0;
| }
configure:6057: result: no
configure:6082: checking whether g++ accepts -Wno-unused
configure:6095: g++ -o conftest   -Wno-unused -Werror     conftest.cpp  >&5
configure:6095: $? = 0
configure:6122: g++ -c   -Wno-unused -Werror   conftest.cpp >&5
conftest.cpp:20:1: error: 'an_error' does not name a type
   20 | an_error "intentional-error-for-test.h"
      | ^~~~~~~~
configure:6122: $? = 1
configure: failed program was:
| /* confdefs.h */
| #define PACKAGE_NAME "Verilator"
| #define PACKAGE_TARNAME "verilator"
| #define PACKAGE_VERSION "4.211 devel"
| #define PACKAGE_STRING "Verilator 4.211 devel"
| #define PACKAGE_BUGREPORT "https://verilator.org"
| #define PACKAGE_URL "https://verilator.org"
| #define PACKAGE_VERSION_NUMBER_STRING "4.211"
| #define STDC_HEADERS 1
| #define HAVE_SYS_TYPES_H 1
| #define HAVE_SYS_STAT_H 1
| #define HAVE_STDLIB_H 1
| #define HAVE_STRING_H 1
| #define HAVE_MEMORY_H 1
| #define HAVE_STRINGS_H 1
| #define HAVE_INTTYPES_H 1
| #define HAVE_STDINT_H 1
| #define HAVE_UNISTD_H 1
| /* end confdefs.h.  */
| an_error "intentional-error-for-test.h"
| 
| int
| main ()
| {
| 
|   ;
|   return 0;
| }
configure:6133: result: yes
configure:6162: checking whether g++ accepts -Og
configure:6175: g++ -o conftest   -Og -Werror     conftest.cpp  >&5
configure:6175: $? = 0
configure:6202: g++ -c   -Og -Werror   conftest.cpp >&5
conftest.cpp:20:1: error: 'an_error' does not name a type
   20 | an_error "intentional-error-for-test.h"
      | ^~~~~~~~
configure:6202: $? = 1
configure: failed program was:
| /* confdefs.h */
| #define PACKAGE_NAME "Verilator"
| #define PACKAGE_TARNAME "verilator"
| #define PACKAGE_VERSION "4.211 devel"
| #define PACKAGE_STRING "Verilator 4.211 devel"
| #define PACKAGE_BUGREPORT "https://verilator.org"
| #define PACKAGE_URL "https://verilator.org"
| #define PACKAGE_VERSION_NUMBER_STRING "4.211"
| #define STDC_HEADERS 1
| #define HAVE_SYS_TYPES_H 1
| #define HAVE_SYS_STAT_H 1
| #define HAVE_STDLIB_H 1
| #define HAVE_STRING_H 1
| #define HAVE_MEMORY_H 1
| #define HAVE_STRINGS_H 1
| #define HAVE_INTTYPES_H 1
| #define HAVE_STDINT_H 1
| #define HAVE_UNISTD_H 1
| /* end confdefs.h.  */
| an_error "intentional-error-for-test.h"
| 
| int
| main ()
| {
| 
|   ;
|   return 0;
| }
configure:6213: result: yes
configure:6239: checking whether g++ accepts -ggdb
configure:6252: g++ -o conftest   -ggdb -Werror     conftest.cpp  >&5
configure:6252: $? = 0
configure:6279: g++ -c   -ggdb -Werror   conftest.cpp >&5
conftest.cpp:20:1: error: 'an_error' does not name a type
   20 | an_error "intentional-error-for-test.h"
      | ^~~~~~~~
configure:6279: $? = 1
configure: failed program was:
| /* confdefs.h */
| #define PACKAGE_NAME "Verilator"
| #define PACKAGE_TARNAME "verilator"
| #define PACKAGE_VERSION "4.211 devel"
| #define PACKAGE_STRING "Verilator 4.211 devel"
| #define PACKAGE_BUGREPORT "https://verilator.org"
| #define PACKAGE_URL "https://verilator.org"
| #define PACKAGE_VERSION_NUMBER_STRING "4.211"
| #define STDC_HEADERS 1
| #define HAVE_SYS_TYPES_H 1
| #define HAVE_SYS_STAT_H 1
| #define HAVE_STDLIB_H 1
| #define HAVE_STRING_H 1
| #define HAVE_MEMORY_H 1
| #define HAVE_STRINGS_H 1
| #define HAVE_INTTYPES_H 1
| #define HAVE_STDINT_H 1
| #define HAVE_UNISTD_H 1
| /* end confdefs.h.  */
| an_error "intentional-error-for-test.h"
| 
| int
| main ()
| {
| 
|   ;
|   return 0;
| }
configure:6290: result: yes
configure:6315: checking whether g++ accepts -gz
configure:6328: g++ -o conftest   -gz -Werror     conftest.cpp  >&5
configure:6328: $? = 0
configure:6355: g++ -c   -gz -Werror   conftest.cpp >&5
conftest.cpp:20:1: error: 'an_error' does not name a type
   20 | an_error "intentional-error-for-test.h"
      | ^~~~~~~~
configure:6355: $? = 1
configure: failed program was:
| /* confdefs.h */
| #define PACKAGE_NAME "Verilator"
| #define PACKAGE_TARNAME "verilator"
| #define PACKAGE_VERSION "4.211 devel"
| #define PACKAGE_STRING "Verilator 4.211 devel"
| #define PACKAGE_BUGREPORT "https://verilator.org"
| #define PACKAGE_URL "https://verilator.org"
| #define PACKAGE_VERSION_NUMBER_STRING "4.211"
| #define STDC_HEADERS 1
| #define HAVE_SYS_TYPES_H 1
| #define HAVE_SYS_STAT_H 1
| #define HAVE_STDLIB_H 1
| #define HAVE_STRING_H 1
| #define HAVE_MEMORY_H 1
| #define HAVE_STRINGS_H 1
| #define HAVE_INTTYPES_H 1
| #define HAVE_STDINT_H 1
| #define HAVE_UNISTD_H 1
| /* end confdefs.h.  */
| an_error "intentional-error-for-test.h"
| 
| int
| main ()
| {
| 
|   ;
|   return 0;
| }
configure:6366: result: yes
configure:6391: checking whether g++ linker accepts -gz
configure:6404: g++ -o conftest       conftest.cpp  -gz >&5
configure:6404: $? = 0
configure:6416: result: yes
configure:6452: checking whether g++ accepts -faligned-new
configure:6465: g++ -o conftest   -faligned-new -Werror     conftest.cpp  >&5
configure:6465: $? = 0
configure:6492: g++ -c   -faligned-new -Werror   conftest.cpp >&5
conftest.cpp:20:1: error: 'an_error' does not name a type
   20 | an_error "intentional-error-for-test.h"
      | ^~~~~~~~
configure:6492: $? = 1
configure: failed program was:
| /* confdefs.h */
| #define PACKAGE_NAME "Verilator"
| #define PACKAGE_TARNAME "verilator"
| #define PACKAGE_VERSION "4.211 devel"
| #define PACKAGE_STRING "Verilator 4.211 devel"
| #define PACKAGE_BUGREPORT "https://verilator.org"
| #define PACKAGE_URL "https://verilator.org"
| #define PACKAGE_VERSION_NUMBER_STRING "4.211"
| #define STDC_HEADERS 1
| #define HAVE_SYS_TYPES_H 1
| #define HAVE_SYS_STAT_H 1
| #define HAVE_STDLIB_H 1
| #define HAVE_STRING_H 1
| #define HAVE_MEMORY_H 1
| #define HAVE_STRINGS_H 1
| #define HAVE_INTTYPES_H 1
| #define HAVE_STDINT_H 1
| #define HAVE_UNISTD_H 1
| /* end confdefs.h.  */
| an_error "intentional-error-for-test.h"
| 
| int
| main ()
| {
| 
|   ;
|   return 0;
| }
configure:6503: result: yes
configure:6531: checking whether g++ accepts -fbracket-depth=4096
configure:6544: g++ -o conftest   -fbracket-depth=4096 -Werror     conftest.cpp  >&5
g++: error: unrecognized command line option '-fbracket-depth=4096'
configure:6544: $? = 1
configure: failed program was:
| /* confdefs.h */
| #define PACKAGE_NAME "Verilator"
| #define PACKAGE_TARNAME "verilator"
| #define PACKAGE_VERSION "4.211 devel"
| #define PACKAGE_STRING "Verilator 4.211 devel"
| #define PACKAGE_BUGREPORT "https://verilator.org"
| #define PACKAGE_URL "https://verilator.org"
| #define PACKAGE_VERSION_NUMBER_STRING "4.211"
| #define STDC_HEADERS 1
| #define HAVE_SYS_TYPES_H 1
| #define HAVE_SYS_STAT_H 1
| #define HAVE_STDLIB_H 1
| #define HAVE_STRING_H 1
| #define HAVE_MEMORY_H 1
| #define HAVE_STRINGS_H 1
| #define HAVE_INTTYPES_H 1
| #define HAVE_STDINT_H 1
| #define HAVE_UNISTD_H 1
| /* end confdefs.h.  */
| #include <new>
| int
| main ()
| {
| int* a=new int; delete a;
|   ;
|   return 0;
| }
configure:6571: g++ -c   -fbracket-depth=4096 -Werror   conftest.cpp >&5
g++: error: unrecognized command line option '-fbracket-depth=4096'
configure:6571: $? = 1
configure: failed program was:
| /* confdefs.h */
| #define PACKAGE_NAME "Verilator"
| #define PACKAGE_TARNAME "verilator"
| #define PACKAGE_VERSION "4.211 devel"
| #define PACKAGE_STRING "Verilator 4.211 devel"
| #define PACKAGE_BUGREPORT "https://verilator.org"
| #define PACKAGE_URL "https://verilator.org"
| #define PACKAGE_VERSION_NUMBER_STRING "4.211"
| #define STDC_HEADERS 1
| #define HAVE_SYS_TYPES_H 1
| #define HAVE_SYS_STAT_H 1
| #define HAVE_STDLIB_H 1
| #define HAVE_STRING_H 1
| #define HAVE_MEMORY_H 1
| #define HAVE_STRINGS_H 1
| #define HAVE_INTTYPES_H 1
| #define HAVE_STDINT_H 1
| #define HAVE_UNISTD_H 1
| /* end confdefs.h.  */
| an_error "intentional-error-for-test.h"
| 
| int
| main ()
| {
| 
|   ;
|   return 0;
| }
configure:6582: result: no
configure:6610: checking whether g++ accepts -fcf-protection=none
configure:6623: g++ -o conftest   -fcf-protection=none -Werror     conftest.cpp  >&5
configure:6623: $? = 0
configure:6650: g++ -c   -fcf-protection=none -Werror   conftest.cpp >&5
conftest.cpp:20:1: error: 'an_error' does not name a type
   20 | an_error "intentional-error-for-test.h"
      | ^~~~~~~~
configure:6650: $? = 1
configure: failed program was:
| /* confdefs.h */
| #define PACKAGE_NAME "Verilator"
| #define PACKAGE_TARNAME "verilator"
| #define PACKAGE_VERSION "4.211 devel"
| #define PACKAGE_STRING "Verilator 4.211 devel"
| #define PACKAGE_BUGREPORT "https://verilator.org"
| #define PACKAGE_URL "https://verilator.org"
| #define PACKAGE_VERSION_NUMBER_STRING "4.211"
| #define STDC_HEADERS 1
| #define HAVE_SYS_TYPES_H 1
| #define HAVE_SYS_STAT_H 1
| #define HAVE_STDLIB_H 1
| #define HAVE_STRING_H 1
| #define HAVE_MEMORY_H 1
| #define HAVE_STRINGS_H 1
| #define HAVE_INTTYPES_H 1
| #define HAVE_STDINT_H 1
| #define HAVE_UNISTD_H 1
| /* end confdefs.h.  */
| an_error "intentional-error-for-test.h"
| 
| int
| main ()
| {
| 
|   ;
|   return 0;
| }
configure:6661: result: yes
configure:6689: checking whether g++ accepts -mno-cet
configure:6702: g++ -o conftest   -mno-cet -Werror     conftest.cpp  >&5
g++: error: unrecognized command line option '-mno-cet'; did you mean '-mno-aes'?
configure:6702: $? = 1
configure: failed program was:
| /* confdefs.h */
| #define PACKAGE_NAME "Verilator"
| #define PACKAGE_TARNAME "verilator"
| #define PACKAGE_VERSION "4.211 devel"
| #define PACKAGE_STRING "Verilator 4.211 devel"
| #define PACKAGE_BUGREPORT "https://verilator.org"
| #define PACKAGE_URL "https://verilator.org"
| #define PACKAGE_VERSION_NUMBER_STRING "4.211"
| #define STDC_HEADERS 1
| #define HAVE_SYS_TYPES_H 1
| #define HAVE_SYS_STAT_H 1
| #define HAVE_STDLIB_H 1
| #define HAVE_STRING_H 1
| #define HAVE_MEMORY_H 1
| #define HAVE_STRINGS_H 1
| #define HAVE_INTTYPES_H 1
| #define HAVE_STDINT_H 1
| #define HAVE_UNISTD_H 1
| /* end confdefs.h.  */
| #include <new>
| int
| main ()
| {
| int* a=new int; delete a;
|   ;
|   return 0;
| }
configure:6729: g++ -c   -mno-cet -Werror   conftest.cpp >&5
g++: error: unrecognized command line option '-mno-cet'; did you mean '-mno-aes'?
configure:6729: $? = 1
configure: failed program was:
| /* confdefs.h */
| #define PACKAGE_NAME "Verilator"
| #define PACKAGE_TARNAME "verilator"
| #define PACKAGE_VERSION "4.211 devel"
| #define PACKAGE_STRING "Verilator 4.211 devel"
| #define PACKAGE_BUGREPORT "https://verilator.org"
| #define PACKAGE_URL "https://verilator.org"
| #define PACKAGE_VERSION_NUMBER_STRING "4.211"
| #define STDC_HEADERS 1
| #define HAVE_SYS_TYPES_H 1
| #define HAVE_SYS_STAT_H 1
| #define HAVE_STDLIB_H 1
| #define HAVE_STRING_H 1
| #define HAVE_MEMORY_H 1
| #define HAVE_STRINGS_H 1
| #define HAVE_INTTYPES_H 1
| #define HAVE_STDINT_H 1
| #define HAVE_UNISTD_H 1
| /* end confdefs.h.  */
| an_error "intentional-error-for-test.h"
| 
| int
| main ()
| {
| 
|   ;
|   return 0;
| }
configure:6740: result: no
configure:6768: checking whether g++ accepts -Qunused-arguments
configure:6781: g++ -o conftest   -Qunused-arguments -Werror     conftest.cpp  >&5
g++: error: unrecognized command line option '-Qunused-arguments'
configure:6781: $? = 1
configure: failed program was:
| /* confdefs.h */
| #define PACKAGE_NAME "Verilator"
| #define PACKAGE_TARNAME "verilator"
| #define PACKAGE_VERSION "4.211 devel"
| #define PACKAGE_STRING "Verilator 4.211 devel"
| #define PACKAGE_BUGREPORT "https://verilator.org"
| #define PACKAGE_URL "https://verilator.org"
| #define PACKAGE_VERSION_NUMBER_STRING "4.211"
| #define STDC_HEADERS 1
| #define HAVE_SYS_TYPES_H 1
| #define HAVE_SYS_STAT_H 1
| #define HAVE_STDLIB_H 1
| #define HAVE_STRING_H 1
| #define HAVE_MEMORY_H 1
| #define HAVE_STRINGS_H 1
| #define HAVE_INTTYPES_H 1
| #define HAVE_STDINT_H 1
| #define HAVE_UNISTD_H 1
| /* end confdefs.h.  */
| #include <new>
| int
| main ()
| {
| int* a=new int; delete a;
|   ;
|   return 0;
| }
configure:6808: g++ -c   -Qunused-arguments -Werror   conftest.cpp >&5
g++: error: unrecognized command line option '-Qunused-arguments'
configure:6808: $? = 1
configure: failed program was:
| /* confdefs.h */
| #define PACKAGE_NAME "Verilator"
| #define PACKAGE_TARNAME "verilator"
| #define PACKAGE_VERSION "4.211 devel"
| #define PACKAGE_STRING "Verilator 4.211 devel"
| #define PACKAGE_BUGREPORT "https://verilator.org"
| #define PACKAGE_URL "https://verilator.org"
| #define PACKAGE_VERSION_NUMBER_STRING "4.211"
| #define STDC_HEADERS 1
| #define HAVE_SYS_TYPES_H 1
| #define HAVE_SYS_STAT_H 1
| #define HAVE_STDLIB_H 1
| #define HAVE_STRING_H 1
| #define HAVE_MEMORY_H 1
| #define HAVE_STRINGS_H 1
| #define HAVE_INTTYPES_H 1
| #define HAVE_STDINT_H 1
| #define HAVE_UNISTD_H 1
| /* end confdefs.h.  */
| an_error "intentional-error-for-test.h"
| 
| int
| main ()
| {
| 
|   ;
|   return 0;
| }
configure:6819: result: no
configure:6847: checking whether g++ accepts -Wno-bool-operation
configure:6860: g++ -o conftest   -Wno-bool-operation -Werror     conftest.cpp  >&5
configure:6860: $? = 0
configure:6887: g++ -c   -Wno-bool-operation -Werror   conftest.cpp >&5
conftest.cpp:20:1: error: 'an_error' does not name a type
   20 | an_error "intentional-error-for-test.h"
      | ^~~~~~~~
configure:6887: $? = 1
configure: failed program was:
| /* confdefs.h */
| #define PACKAGE_NAME "Verilator"
| #define PACKAGE_TARNAME "verilator"
| #define PACKAGE_VERSION "4.211 devel"
| #define PACKAGE_STRING "Verilator 4.211 devel"
| #define PACKAGE_BUGREPORT "https://verilator.org"
| #define PACKAGE_URL "https://verilator.org"
| #define PACKAGE_VERSION_NUMBER_STRING "4.211"
| #define STDC_HEADERS 1
| #define HAVE_SYS_TYPES_H 1
| #define HAVE_SYS_STAT_H 1
| #define HAVE_STDLIB_H 1
| #define HAVE_STRING_H 1
| #define HAVE_MEMORY_H 1
| #define HAVE_STRINGS_H 1
| #define HAVE_INTTYPES_H 1
| #define HAVE_STDINT_H 1
| #define HAVE_UNISTD_H 1
| /* end confdefs.h.  */
| an_error "intentional-error-for-test.h"
| 
| int
| main ()
| {
| 
|   ;
|   return 0;
| }
configure:6898: result: yes
configure:6926: checking whether g++ accepts -Wno-tautological-bitwise-compare
configure:6939: g++ -o conftest   -Wno-tautological-bitwise-compare -Werror     conftest.cpp  >&5
configure:6939: $? = 0
configure:6966: g++ -c   -Wno-tautological-bitwise-compare -Werror   conftest.cpp >&5
conftest.cpp:20:1: error: 'an_error' does not name a type
   20 | an_error "intentional-error-for-test.h"
      | ^~~~~~~~
cc1plus: error: unrecognized command line option '-Wno-tautological-bitwise-compare' [-Werror]
cc1plus: all warnings being treated as errors
configure:6966: $? = 1
configure: failed program was:
| /* confdefs.h */
| #define PACKAGE_NAME "Verilator"
| #define PACKAGE_TARNAME "verilator"
| #define PACKAGE_VERSION "4.211 devel"
| #define PACKAGE_STRING "Verilator 4.211 devel"
| #define PACKAGE_BUGREPORT "https://verilator.org"
| #define PACKAGE_URL "https://verilator.org"
| #define PACKAGE_VERSION_NUMBER_STRING "4.211"
| #define STDC_HEADERS 1
| #define HAVE_SYS_TYPES_H 1
| #define HAVE_SYS_STAT_H 1
| #define HAVE_STDLIB_H 1
| #define HAVE_STRING_H 1
| #define HAVE_MEMORY_H 1
| #define HAVE_STRINGS_H 1
| #define HAVE_INTTYPES_H 1
| #define HAVE_STDINT_H 1
| #define HAVE_UNISTD_H 1
| /* end confdefs.h.  */
| an_error "intentional-error-for-test.h"
| 
| int
| main ()
| {
| 
|   ;
|   return 0;
| }
configure:6977: result: no
configure:7005: checking whether g++ accepts -Wno-parentheses-equality
configure:7018: g++ -o conftest   -Wno-parentheses-equality -Werror     conftest.cpp  >&5
configure:7018: $? = 0
configure:7045: g++ -c   -Wno-parentheses-equality -Werror   conftest.cpp >&5
conftest.cpp:20:1: error: 'an_error' does not name a type
   20 | an_error "intentional-error-for-test.h"
      | ^~~~~~~~
cc1plus: error: unrecognized command line option '-Wno-parentheses-equality' [-Werror]
cc1plus: all warnings being treated as errors
configure:7045: $? = 1
configure: failed program was:
| /* confdefs.h */
| #define PACKAGE_NAME "Verilator"
| #define PACKAGE_TARNAME "verilator"
| #define PACKAGE_VERSION "4.211 devel"
| #define PACKAGE_STRING "Verilator 4.211 devel"
| #define PACKAGE_BUGREPORT "https://verilator.org"
| #define PACKAGE_URL "https://verilator.org"
| #define PACKAGE_VERSION_NUMBER_STRING "4.211"
| #define STDC_HEADERS 1
| #define HAVE_SYS_TYPES_H 1
| #define HAVE_SYS_STAT_H 1
| #define HAVE_STDLIB_H 1
| #define HAVE_STRING_H 1
| #define HAVE_MEMORY_H 1
| #define HAVE_STRINGS_H 1
| #define HAVE_INTTYPES_H 1
| #define HAVE_STDINT_H 1
| #define HAVE_UNISTD_H 1
| /* end confdefs.h.  */
| an_error "intentional-error-for-test.h"
| 
| int
| main ()
| {
| 
|   ;
|   return 0;
| }
configure:7056: result: no
configure:7084: checking whether g++ accepts -Wno-sign-compare
configure:7097: g++ -o conftest   -Wno-sign-compare -Werror     conftest.cpp  >&5
configure:7097: $? = 0
configure:7124: g++ -c   -Wno-sign-compare -Werror   conftest.cpp >&5
conftest.cpp:20:1: error: 'an_error' does not name a type
   20 | an_error "intentional-error-for-test.h"
      | ^~~~~~~~
configure:7124: $? = 1
configure: failed program was:
| /* confdefs.h */
| #define PACKAGE_NAME "Verilator"
| #define PACKAGE_TARNAME "verilator"
| #define PACKAGE_VERSION "4.211 devel"
| #define PACKAGE_STRING "Verilator 4.211 devel"
| #define PACKAGE_BUGREPORT "https://verilator.org"
| #define PACKAGE_URL "https://verilator.org"
| #define PACKAGE_VERSION_NUMBER_STRING "4.211"
| #define STDC_HEADERS 1
| #define HAVE_SYS_TYPES_H 1
| #define HAVE_SYS_STAT_H 1
| #define HAVE_STDLIB_H 1
| #define HAVE_STRING_H 1
| #define HAVE_MEMORY_H 1
| #define HAVE_STRINGS_H 1
| #define HAVE_INTTYPES_H 1
| #define HAVE_STDINT_H 1
| #define HAVE_UNISTD_H 1
| /* end confdefs.h.  */
| an_error "intentional-error-for-test.h"
| 
| int
| main ()
| {
| 
|   ;
|   return 0;
| }
configure:7135: result: yes
configure:7163: checking whether g++ accepts -Wno-uninitialized
configure:7176: g++ -o conftest   -Wno-uninitialized -Werror     conftest.cpp  >&5
configure:7176: $? = 0
configure:7203: g++ -c   -Wno-uninitialized -Werror   conftest.cpp >&5
conftest.cpp:20:1: error: 'an_error' does not name a type
   20 | an_error "intentional-error-for-test.h"
      | ^~~~~~~~
configure:7203: $? = 1
configure: failed program was:
| /* confdefs.h */
| #define PACKAGE_NAME "Verilator"
| #define PACKAGE_TARNAME "verilator"
| #define PACKAGE_VERSION "4.211 devel"
| #define PACKAGE_STRING "Verilator 4.211 devel"
| #define PACKAGE_BUGREPORT "https://verilator.org"
| #define PACKAGE_URL "https://verilator.org"
| #define PACKAGE_VERSION_NUMBER_STRING "4.211"
| #define STDC_HEADERS 1
| #define HAVE_SYS_TYPES_H 1
| #define HAVE_SYS_STAT_H 1
| #define HAVE_STDLIB_H 1
| #define HAVE_STRING_H 1
| #define HAVE_MEMORY_H 1
| #define HAVE_STRINGS_H 1
| #define HAVE_INTTYPES_H 1
| #define HAVE_STDINT_H 1
| #define HAVE_UNISTD_H 1
| /* end confdefs.h.  */
| an_error "intentional-error-for-test.h"
| 
| int
| main ()
| {
| 
|   ;
|   return 0;
| }
configure:7214: result: yes
configure:7242: checking whether g++ accepts -Wno-unused-but-set-variable
configure:7255: g++ -o conftest   -Wno-unused-but-set-variable -Werror     conftest.cpp  >&5
configure:7255: $? = 0
configure:7282: g++ -c   -Wno-unused-but-set-variable -Werror   conftest.cpp >&5
conftest.cpp:20:1: error: 'an_error' does not name a type
   20 | an_error "intentional-error-for-test.h"
      | ^~~~~~~~
configure:7282: $? = 1
configure: failed program was:
| /* confdefs.h */
| #define PACKAGE_NAME "Verilator"
| #define PACKAGE_TARNAME "verilator"
| #define PACKAGE_VERSION "4.211 devel"
| #define PACKAGE_STRING "Verilator 4.211 devel"
| #define PACKAGE_BUGREPORT "https://verilator.org"
| #define PACKAGE_URL "https://verilator.org"
| #define PACKAGE_VERSION_NUMBER_STRING "4.211"
| #define STDC_HEADERS 1
| #define HAVE_SYS_TYPES_H 1
| #define HAVE_SYS_STAT_H 1
| #define HAVE_STDLIB_H 1
| #define HAVE_STRING_H 1
| #define HAVE_MEMORY_H 1
| #define HAVE_STRINGS_H 1
| #define HAVE_INTTYPES_H 1
| #define HAVE_STDINT_H 1
| #define HAVE_UNISTD_H 1
| /* end confdefs.h.  */
| an_error "intentional-error-for-test.h"
| 
| int
| main ()
| {
| 
|   ;
|   return 0;
| }
configure:7293: result: yes
configure:7321: checking whether g++ accepts -Wno-unused-parameter
configure:7334: g++ -o conftest   -Wno-unused-parameter -Werror     conftest.cpp  >&5
configure:7334: $? = 0
configure:7361: g++ -c   -Wno-unused-parameter -Werror   conftest.cpp >&5
conftest.cpp:20:1: error: 'an_error' does not name a type
   20 | an_error "intentional-error-for-test.h"
      | ^~~~~~~~
configure:7361: $? = 1
configure: failed program was:
| /* confdefs.h */
| #define PACKAGE_NAME "Verilator"
| #define PACKAGE_TARNAME "verilator"
| #define PACKAGE_VERSION "4.211 devel"
| #define PACKAGE_STRING "Verilator 4.211 devel"
| #define PACKAGE_BUGREPORT "https://verilator.org"
| #define PACKAGE_URL "https://verilator.org"
| #define PACKAGE_VERSION_NUMBER_STRING "4.211"
| #define STDC_HEADERS 1
| #define HAVE_SYS_TYPES_H 1
| #define HAVE_SYS_STAT_H 1
| #define HAVE_STDLIB_H 1
| #define HAVE_STRING_H 1
| #define HAVE_MEMORY_H 1
| #define HAVE_STRINGS_H 1
| #define HAVE_INTTYPES_H 1
| #define HAVE_STDINT_H 1
| #define HAVE_UNISTD_H 1
| /* end confdefs.h.  */
| an_error "intentional-error-for-test.h"
| 
| int
| main ()
| {
| 
|   ;
|   return 0;
| }
configure:7372: result: yes
configure:7400: checking whether g++ accepts -Wno-unused-variable
configure:7413: g++ -o conftest   -Wno-unused-variable -Werror     conftest.cpp  >&5
configure:7413: $? = 0
configure:7440: g++ -c   -Wno-unused-variable -Werror   conftest.cpp >&5
conftest.cpp:20:1: error: 'an_error' does not name a type
   20 | an_error "intentional-error-for-test.h"
      | ^~~~~~~~
configure:7440: $? = 1
configure: failed program was:
| /* confdefs.h */
| #define PACKAGE_NAME "Verilator"
| #define PACKAGE_TARNAME "verilator"
| #define PACKAGE_VERSION "4.211 devel"
| #define PACKAGE_STRING "Verilator 4.211 devel"
| #define PACKAGE_BUGREPORT "https://verilator.org"
| #define PACKAGE_URL "https://verilator.org"
| #define PACKAGE_VERSION_NUMBER_STRING "4.211"
| #define STDC_HEADERS 1
| #define HAVE_SYS_TYPES_H 1
| #define HAVE_SYS_STAT_H 1
| #define HAVE_STDLIB_H 1
| #define HAVE_STRING_H 1
| #define HAVE_MEMORY_H 1
| #define HAVE_STRINGS_H 1
| #define HAVE_INTTYPES_H 1
| #define HAVE_STDINT_H 1
| #define HAVE_UNISTD_H 1
| /* end confdefs.h.  */
| an_error "intentional-error-for-test.h"
| 
| int
| main ()
| {
| 
|   ;
|   return 0;
| }
configure:7451: result: yes
configure:7479: checking whether g++ accepts -Wno-shadow
configure:7492: g++ -o conftest   -Wno-shadow -Werror     conftest.cpp  >&5
configure:7492: $? = 0
configure:7519: g++ -c   -Wno-shadow -Werror   conftest.cpp >&5
conftest.cpp:20:1: error: 'an_error' does not name a type
   20 | an_error "intentional-error-for-test.h"
      | ^~~~~~~~
configure:7519: $? = 1
configure: failed program was:
| /* confdefs.h */
| #define PACKAGE_NAME "Verilator"
| #define PACKAGE_TARNAME "verilator"
| #define PACKAGE_VERSION "4.211 devel"
| #define PACKAGE_STRING "Verilator 4.211 devel"
| #define PACKAGE_BUGREPORT "https://verilator.org"
| #define PACKAGE_URL "https://verilator.org"
| #define PACKAGE_VERSION_NUMBER_STRING "4.211"
| #define STDC_HEADERS 1
| #define HAVE_SYS_TYPES_H 1
| #define HAVE_SYS_STAT_H 1
| #define HAVE_STDLIB_H 1
| #define HAVE_STRING_H 1
| #define HAVE_MEMORY_H 1
| #define HAVE_STRINGS_H 1
| #define HAVE_INTTYPES_H 1
| #define HAVE_STDINT_H 1
| #define HAVE_UNISTD_H 1
| /* end confdefs.h.  */
| an_error "intentional-error-for-test.h"
| 
| int
| main ()
| {
| 
|   ;
|   return 0;
| }
configure:7530: result: yes
configure:7560: checking whether g++ linker accepts -mt
configure:7573: g++ -o conftest       conftest.cpp  -mt >&5
g++: error: unrecognized command line option '-mt'; did you mean '-t'?
configure:7573: $? = 1
configure: failed program was:
| /* confdefs.h */
| #define PACKAGE_NAME "Verilator"
| #define PACKAGE_TARNAME "verilator"
| #define PACKAGE_VERSION "4.211 devel"
| #define PACKAGE_STRING "Verilator 4.211 devel"
| #define PACKAGE_BUGREPORT "https://verilator.org"
| #define PACKAGE_URL "https://verilator.org"
| #define PACKAGE_VERSION_NUMBER_STRING "4.211"
| #define STDC_HEADERS 1
| #define HAVE_SYS_TYPES_H 1
| #define HAVE_SYS_STAT_H 1
| #define HAVE_STDLIB_H 1
| #define HAVE_STRING_H 1
| #define HAVE_MEMORY_H 1
| #define HAVE_STRINGS_H 1
| #define HAVE_INTTYPES_H 1
| #define HAVE_STDINT_H 1
| #define HAVE_UNISTD_H 1
| /* end confdefs.h.  */
| 
| int
| main ()
| {
| 
|   ;
|   return 0;
| }
configure:7585: result: no
configure:7610: checking whether g++ linker accepts -pthread
configure:7623: g++ -o conftest       conftest.cpp  -pthread >&5
configure:7623: $? = 0
configure:7635: result: yes
configure:7660: checking whether g++ linker accepts -lpthread
configure:7673: g++ -o conftest       conftest.cpp  -lpthread >&5
configure:7673: $? = 0
configure:7685: result: yes
configure:7710: checking whether g++ linker accepts -latomic
configure:7723: g++ -o conftest       conftest.cpp  -latomic >&5
configure:7723: $? = 0
configure:7735: result: yes
configure:7765: checking whether g++ linker accepts -static-libgcc
configure:7778: g++ -o conftest       conftest.cpp  -static-libgcc >&5
configure:7778: $? = 0
configure:7790: result: yes
configure:7812: checking whether g++ linker accepts -static-libstdc++
configure:7825: g++ -o conftest       conftest.cpp  -static-libstdc++ >&5
configure:7825: $? = 0
configure:7837: result: yes
configure:7859: checking whether g++ linker accepts -Xlinker -gc-sections
configure:7872: g++ -o conftest       conftest.cpp  -Xlinker -gc-sections >&5
configure:7872: $? = 0
configure:7884: result: yes
configure:7916: checking whether g++ linker accepts -lpthread
configure:7929: g++ -o conftest       conftest.cpp  -lpthread >&5
configure:7929: $? = 0
configure:7941: result: yes
configure:7965: checking whether g++ linker accepts -lbcrypt
configure:7978: g++ -o conftest       conftest.cpp  -lbcrypt >&5
/usr/bin/ld: cannot find -lbcrypt
collect2: error: ld returned 1 exit status
configure:7978: $? = 1
configure: failed program was:
| /* confdefs.h */
| #define PACKAGE_NAME "Verilator"
| #define PACKAGE_TARNAME "verilator"
| #define PACKAGE_VERSION "4.211 devel"
| #define PACKAGE_STRING "Verilator 4.211 devel"
| #define PACKAGE_BUGREPORT "https://verilator.org"
| #define PACKAGE_URL "https://verilator.org"
| #define PACKAGE_VERSION_NUMBER_STRING "4.211"
| #define STDC_HEADERS 1
| #define HAVE_SYS_TYPES_H 1
| #define HAVE_SYS_STAT_H 1
| #define HAVE_STDLIB_H 1
| #define HAVE_STRING_H 1
| #define HAVE_MEMORY_H 1
| #define HAVE_STRINGS_H 1
| #define HAVE_INTTYPES_H 1
| #define HAVE_STDINT_H 1
| #define HAVE_UNISTD_H 1
| /* end confdefs.h.  */
| 
| int
| main ()
| {
| 
|   ;
|   return 0;
| }
configure:7990: result: no
configure:8012: checking whether g++ linker accepts -lpsapi
configure:8025: g++ -o conftest       conftest.cpp  -lpsapi >&5
/usr/bin/ld: cannot find -lpsapi
collect2: error: ld returned 1 exit status
configure:8025: $? = 1
configure: failed program was:
| /* confdefs.h */
| #define PACKAGE_NAME "Verilator"
| #define PACKAGE_TARNAME "verilator"
| #define PACKAGE_VERSION "4.211 devel"
| #define PACKAGE_STRING "Verilator 4.211 devel"
| #define PACKAGE_BUGREPORT "https://verilator.org"
| #define PACKAGE_URL "https://verilator.org"
| #define PACKAGE_VERSION_NUMBER_STRING "4.211"
| #define STDC_HEADERS 1
| #define HAVE_SYS_TYPES_H 1
| #define HAVE_SYS_STAT_H 1
| #define HAVE_STDLIB_H 1
| #define HAVE_STRING_H 1
| #define HAVE_MEMORY_H 1
| #define HAVE_STRINGS_H 1
| #define HAVE_INTTYPES_H 1
| #define HAVE_STDINT_H 1
| #define HAVE_UNISTD_H 1
| /* end confdefs.h.  */
| 
| int
| main ()
| {
| 
|   ;
|   return 0;
| }
configure:8037: result: no
configure:8059: checking whether g++ linker accepts -l:libtcmalloc_minimal.a
configure:8072: g++ -o conftest       conftest.cpp  -l:libtcmalloc_minimal.a >&5
/usr/bin/ld: cannot find -l:libtcmalloc_minimal.a
collect2: error: ld returned 1 exit status
configure:8072: $? = 1
configure: failed program was:
| /* confdefs.h */
| #define PACKAGE_NAME "Verilator"
| #define PACKAGE_TARNAME "verilator"
| #define PACKAGE_VERSION "4.211 devel"
| #define PACKAGE_STRING "Verilator 4.211 devel"
| #define PACKAGE_BUGREPORT "https://verilator.org"
| #define PACKAGE_URL "https://verilator.org"
| #define PACKAGE_VERSION_NUMBER_STRING "4.211"
| #define STDC_HEADERS 1
| #define HAVE_SYS_TYPES_H 1
| #define HAVE_SYS_STAT_H 1
| #define HAVE_STDLIB_H 1
| #define HAVE_STRING_H 1
| #define HAVE_MEMORY_H 1
| #define HAVE_STRINGS_H 1
| #define HAVE_INTTYPES_H 1
| #define HAVE_STDINT_H 1
| #define HAVE_UNISTD_H 1
| /* end confdefs.h.  */
| 
| int
| main ()
| {
| 
|   ;
|   return 0;
| }
configure:8084: result: no
configure:8412: checking whether g++ supports C++11
configure:8431: g++ -o conftest       conftest.cpp  >&5
configure:8431: $? = 0
configure:8444: result: yes
configure:8494: checking for struct stat.st_mtim.tv_nsec
configure:8494: g++ -c     conftest.cpp >&5
configure:8494: $? = 0
configure:8494: result: yes
configure:8507: checking whether SystemC is found (in system path)
configure:8524: g++ -o conftest       conftest.cpp  -lsystemc >&5
conftest.cpp: In function 'int sc_main(int, char**)':
conftest.cpp:22:70: warning: no return statement in function returning non-void [-Wreturn-type]
   22 |                      extern "C" int sc_main(int argc, char* argv[]) {}
      |                                                                      ^
configure:8524: $? = 0
configure:8534: result: yes
configure:8653: creating ./config.status

## ---------------------- ##
## Running config.status. ##
## ---------------------- ##

This file was extended by Verilator config.status 4.211 devel, which was
generated by GNU Autoconf 2.69.  Invocation command line was

  CONFIG_FILES    = 
  CONFIG_HEADERS  = 
  CONFIG_LINKS    = 
  CONFIG_COMMANDS = 
  $ ./config.status 

on zhwrenpc

config.status:841: creating Makefile
config.status:841: creating src/Makefile
config.status:841: creating src/Makefile_obj
config.status:841: creating include/verilated.mk
config.status:841: creating include/verilated_config.h
config.status:841: creating verilator.pc
config.status:841: creating verilator-config.cmake
config.status:841: creating verilator-config-version.cmake
config.status:841: creating src/config_build.h
configure:9826: result: 
configure:9828: result: Now type 'make' (or sometimes 'gmake') to build Verilator.
configure:9830: result: 

## ---------------- ##
## Cache variables. ##
## ---------------- ##

ac_cv_c_compiler_gnu=yes
ac_cv_c_inline=inline
ac_cv_cxx_compiler_gnu=yes
ac_cv_env_CCC_set=
ac_cv_env_CCC_value=
ac_cv_env_CC_set=
ac_cv_env_CC_value=
ac_cv_env_CFLAGS_set=
ac_cv_env_CFLAGS_value=
ac_cv_env_CPPFLAGS_set=
ac_cv_env_CPPFLAGS_value=
ac_cv_env_CXXCPP_set=
ac_cv_env_CXXCPP_value=
ac_cv_env_CXXFLAGS_set=
ac_cv_env_CXXFLAGS_value=
ac_cv_env_CXX_set=
ac_cv_env_CXX_value=
ac_cv_env_LDFLAGS_set=
ac_cv_env_LDFLAGS_value=
ac_cv_env_LIBS_set=
ac_cv_env_LIBS_value=
ac_cv_env_build_alias_set=
ac_cv_env_build_alias_value=
ac_cv_env_host_alias_set=
ac_cv_env_host_alias_value=
ac_cv_env_target_alias_set=
ac_cv_env_target_alias_value=
ac_cv_header_inttypes_h=yes
ac_cv_header_memory_h=yes
ac_cv_header_stdc=yes
ac_cv_header_stdint_h=yes
ac_cv_header_stdlib_h=yes
ac_cv_header_string_h=yes
ac_cv_header_strings_h=yes
ac_cv_header_sys_stat_h=yes
ac_cv_header_sys_types_h=yes
ac_cv_header_unistd_h=yes
ac_cv_member_struct_stat_st_mtim_tv_nsec=yes
ac_cv_objext=o
ac_cv_path_EGREP='/usr/bin/grep -E'
ac_cv_path_GREP=/usr/bin/grep
ac_cv_path_LEX=/usr/bin/flex
ac_cv_path_PERL=/usr/bin/perl
ac_cv_path_PYTHON3=/usr/bin/python3
ac_cv_path_YACC=/usr/bin/bison
ac_cv_path_install='/usr/bin/install -c'
ac_cv_prog_AR=ar
ac_cv_prog_CXXCPP='g++ -E'
ac_cv_prog_ac_ct_CC=gcc
ac_cv_prog_ac_ct_CXX=g++
ac_cv_prog_cc_c89=
ac_cv_prog_cc_g=yes
ac_cv_prog_cxx_g=yes
ac_cv_type_size_t=yes

## ----------------- ##
## Output variables. ##
## ----------------- ##

AR='ar'
CC='gcc'
CFG_CXXFLAGS_DEBUG=' -Og -ggdb -gz'
CFG_CXXFLAGS_NO_UNUSED=' -faligned-new -fcf-protection=none -Wno-bool-operation -Wno-sign-compare -Wno-uninitialized -Wno-unused-but-set-variable -Wno-unused-parameter -Wno-unused-variable -Wno-shadow'
CFG_CXXFLAGS_PARSER=' -Wno-char-subscripts -Wno-unused'
CFG_CXXFLAGS_PROFILE=' -pg'
CFG_CXXFLAGS_SRC=' -faligned-new -Wno-unused-parameter -Wno-shadow'
CFG_CXXFLAGS_STD_NEWEST='-std=c++14'
CFG_CXXFLAGS_STD_OLDEST='-std=c++03'
CFG_CXXFLAGS_WEXTRA=' -Wextra -Wfloat-conversion -Wlogical-op'
CFG_CXX_FLAGS_CMAKE='-faligned-new -fbracket-depth=4096 -fcf-protection=none -mno-cet -Qunused-arguments -Wno-bool-operation -Wno-tautological-bitwise-compare -Wno-parentheses-equality -Wno-sign-compare -Wno-uninitialized -Wno-unused-but-set-variable -Wno-unused-parameter -Wno-unused-variable -Wno-shadow'
CFG_LDFLAGS_DEBUG=' -gz'
CFG_LDFLAGS_SRC=' -static-libgcc -static-libstdc++ -Xlinker -gc-sections'
CFG_LDFLAGS_THREADS_CMAKE=' -mt -pthread -lpthread -latomic'
CFG_LDLIBS_THREADS=' -pthread -lpthread -latomic'
CFG_LIBS='  -lpthread'
CFG_WITH_CCWARN='no'
CFG_WITH_DEFENV='yes'
CFG_WITH_LONGTESTS='no'
CFLAGS=' '
CPPFLAGS=' '
CXX='g++'
CXXCPP='g++ -E'
CXXFLAGS=' '
DEFS='-DHAVE_CONFIG_H'
ECHO_C=''
ECHO_N='-n'
ECHO_T=''
EGREP='/usr/bin/grep -E'
EXEEXT=''
GREP='/usr/bin/grep'
HAVE_SYSTEMC=''
INSTALL_DATA='${INSTALL} -m 644'
INSTALL_PROGRAM='${INSTALL}'
INSTALL_SCRIPT='${INSTALL}'
LDFLAGS=' '
LEX='/usr/bin/flex'
LIBOBJS=''
LIBS=''
LTLIBOBJS=''
OBJCACHE=''
OBJEXT='o'
PACKAGE_BUGREPORT='https://verilator.org'
PACKAGE_NAME='Verilator'
PACKAGE_STRING='Verilator 4.211 devel'
PACKAGE_TARNAME='verilator'
PACKAGE_URL='https://verilator.org'
PACKAGE_VERSION='4.211 devel'
PACKAGE_VERSION_NUMBER='4.211'
PATH_SEPARATOR=':'
PERL='/usr/bin/perl'
PYTHON3='/usr/bin/python3'
SHELL='/bin/bash'
YACC='/usr/bin/bison'
ac_ct_CC='gcc'
ac_ct_CXX='g++'
bindir='${exec_prefix}/bin'
build_alias=''
datadir='${datarootdir}'
datarootdir='${prefix}/share'
docdir='${datarootdir}/doc/${PACKAGE_TARNAME}'
dvidir='${docdir}'
exec_prefix='${prefix}'
host_alias=''
htmldir='${docdir}'
includedir='${prefix}/include'
infodir='${datarootdir}/info'
libdir='${exec_prefix}/lib'
libexecdir='${exec_prefix}/libexec'
localedir='${datarootdir}/locale'
localstatedir='${prefix}/var'
mandir='${datarootdir}/man'
oldincludedir='/usr/include'
pdfdir='${docdir}'
pkgconfigdir='${datarootdir}/pkgconfig'
pkgdatadir='${datarootdir}/verilator'
prefix='/usr/local'
program_transform_name='s,x,x,'
psdir='${docdir}'
runstatedir='${localstatedir}/run'
sbindir='${exec_prefix}/sbin'
sharedstatedir='${prefix}/com'
sysconfdir='${prefix}/etc'
target_alias=''

## ----------- ##
## confdefs.h. ##
## ----------- ##

/* confdefs.h */
#define PACKAGE_NAME "Verilator"
#define PACKAGE_TARNAME "verilator"
#define PACKAGE_VERSION "4.211 devel"
#define PACKAGE_STRING "Verilator 4.211 devel"
#define PACKAGE_BUGREPORT "https://verilator.org"
#define PACKAGE_URL "https://verilator.org"
#define PACKAGE_VERSION_NUMBER_STRING "4.211"
#define STDC_HEADERS 1
#define HAVE_SYS_TYPES_H 1
#define HAVE_SYS_STAT_H 1
#define HAVE_STDLIB_H 1
#define HAVE_STRING_H 1
#define HAVE_MEMORY_H 1
#define HAVE_STRINGS_H 1
#define HAVE_INTTYPES_H 1
#define HAVE_STDINT_H 1
#define HAVE_UNISTD_H 1
#define HAVE_STAT_NSEC 1
#define HAVE_SYSTEMC 1

configure: exit 0
